0 info it worked if it ends with ok
1 verbose cli [ 'D:\\Program Files (x86)\\nodejs\\\\node.exe',
1 verbose cli   'D:\\Program Files (x86)\\nodejs\\node_modules\\npm\\bin\\npm-cli.js',
1 verbose cli   'install' ]
2 info using npm@1.3.11
3 info using node@v0.10.21
4 verbose node symlink D:\Program Files (x86)\nodejs\\node.exe
5 verbose readDependencies using package.json deps
6 verbose install where, deps [ 'G:\\Program Files (x86)\\GetHub\\BJTU-nodejs-project',
6 verbose install   [ 'express',
6 verbose install     'mongoose',
6 verbose install     'body-parser',
6 verbose install     'method-override',
6 verbose install     'cookie-parser',
6 verbose install     'morgan',
6 verbose install     'serve-favicon',
6 verbose install     'cookie-session',
6 verbose install     'express-session',
6 verbose install     'debug',
6 verbose install     'mocha',
6 verbose install     'supertest' ] ]
7 info preinstall BJTU-nodejs-project@0.0.1
8 verbose readDependencies using package.json deps
9 verbose already installed skipping express@~4.9.0 G:\Program Files (x86)\GetHub\BJTU-nodejs-project
10 verbose already installed skipping mongoose@~3.8.0 G:\Program Files (x86)\GetHub\BJTU-nodejs-project
11 verbose already installed skipping body-parser@~1.4.2 G:\Program Files (x86)\GetHub\BJTU-nodejs-project
12 verbose already installed skipping method-override@~2.0.2 G:\Program Files (x86)\GetHub\BJTU-nodejs-project
13 verbose already installed skipping cookie-parser@~1.3.3 G:\Program Files (x86)\GetHub\BJTU-nodejs-project
14 verbose already installed skipping morgan@~1.3.0 G:\Program Files (x86)\GetHub\BJTU-nodejs-project
15 verbose already installed skipping serve-favicon@~2.1.3 G:\Program Files (x86)\GetHub\BJTU-nodejs-project
16 verbose cache add [ 'cookie-session@*', null ]
17 verbose cache add name=undefined spec="cookie-session@*" args=["cookie-session@*",null]
18 verbose parsed url { protocol: null,
18 verbose parsed url   slashes: null,
18 verbose parsed url   auth: null,
18 verbose parsed url   host: null,
18 verbose parsed url   port: null,
18 verbose parsed url   hostname: null,
18 verbose parsed url   hash: null,
18 verbose parsed url   search: null,
18 verbose parsed url   query: null,
18 verbose parsed url   pathname: 'cookie-session@*',
18 verbose parsed url   path: 'cookie-session@*',
18 verbose parsed url   href: 'cookie-session@*' }
19 verbose cache add name="cookie-session" spec="*" args=["cookie-session","*"]
20 verbose parsed url { protocol: null,
20 verbose parsed url   slashes: null,
20 verbose parsed url   auth: null,
20 verbose parsed url   host: null,
20 verbose parsed url   port: null,
20 verbose parsed url   hostname: null,
20 verbose parsed url   hash: null,
20 verbose parsed url   search: null,
20 verbose parsed url   query: null,
20 verbose parsed url   pathname: '*',
20 verbose parsed url   path: '*',
20 verbose parsed url   href: '*' }
21 verbose addNamed [ 'cookie-session', '*' ]
22 verbose addNamed [ null, '*' ]
23 verbose cache add [ 'express-session@~1.0.4', null ]
24 verbose cache add name=undefined spec="express-session@~1.0.4" args=["express-session@~1.0.4",null]
25 verbose parsed url { protocol: null,
25 verbose parsed url   slashes: null,
25 verbose parsed url   auth: null,
25 verbose parsed url   host: null,
25 verbose parsed url   port: null,
25 verbose parsed url   hostname: null,
25 verbose parsed url   hash: null,
25 verbose parsed url   search: null,
25 verbose parsed url   query: null,
25 verbose parsed url   pathname: 'express-session@~1.0.4',
25 verbose parsed url   path: 'express-session@~1.0.4',
25 verbose parsed url   href: 'express-session@~1.0.4' }
26 verbose cache add name="express-session" spec="~1.0.4" args=["express-session","~1.0.4"]
27 verbose parsed url { protocol: null,
27 verbose parsed url   slashes: null,
27 verbose parsed url   auth: null,
27 verbose parsed url   host: null,
27 verbose parsed url   port: null,
27 verbose parsed url   hostname: null,
27 verbose parsed url   hash: null,
27 verbose parsed url   search: null,
27 verbose parsed url   query: null,
27 verbose parsed url   pathname: '~1.0.4',
27 verbose parsed url   path: '~1.0.4',
27 verbose parsed url   href: '~1.0.4' }
28 verbose addNamed [ 'express-session', '~1.0.4' ]
29 verbose addNamed [ null, '>=1.0.4-0 <1.1.0-0' ]
30 verbose already installed skipping debug@~2.0.0 G:\Program Files (x86)\GetHub\BJTU-nodejs-project
31 verbose already installed skipping mocha@1.20.1 G:\Program Files (x86)\GetHub\BJTU-nodejs-project
32 verbose already installed skipping supertest@0.13.0 G:\Program Files (x86)\GetHub\BJTU-nodejs-project
33 silly lockFile 87e1b5ba-cookie-session cookie-session@*
34 verbose lock cookie-session@* C:\Users\dell\AppData\Roaming\npm-cache\87e1b5ba-cookie-session.lock
35 silly lockFile c5ae2575-express-session-1-0-4 express-session@~1.0.4
36 verbose lock express-session@~1.0.4 C:\Users\dell\AppData\Roaming\npm-cache\c5ae2575-express-session-1-0-4.lock
37 silly addNameRange { name: 'cookie-session', range: '*', hasData: false }
38 silly addNameRange { name: 'express-session',
38 silly addNameRange   range: '>=1.0.4-0 <1.1.0-0',
38 silly addNameRange   hasData: false }
39 verbose url raw cookie-session
40 verbose url resolving [ 'https://registry.npmjs.org/', './cookie-session' ]
41 verbose url resolved https://registry.npmjs.org/cookie-session
42 info trying registry request attempt 1 at 00:47:32
43 http GET https://registry.npmjs.org/cookie-session
44 verbose url raw express-session
45 verbose url resolving [ 'https://registry.npmjs.org/', './express-session' ]
46 verbose url resolved https://registry.npmjs.org/express-session
47 info trying registry request attempt 1 at 00:47:32
48 http GET https://registry.npmjs.org/express-session
49 info retry will retry, error on last attempt: Error: connect ETIMEDOUT
50 info retry will retry, error on last attempt: Error: connect ETIMEDOUT
51 info trying registry request attempt 2 at 00:48:03
52 http GET https://registry.npmjs.org/express-session
53 info trying registry request attempt 2 at 00:48:03
54 http GET https://registry.npmjs.org/cookie-session
55 info retry will retry, error on last attempt: Error: connect ETIMEDOUT
56 info retry will retry, error on last attempt: Error: connect ETIMEDOUT
57 info trying registry request attempt 3 at 00:49:25
58 http GET https://registry.npmjs.org/express-session
59 info trying registry request attempt 3 at 00:49:25
60 http GET https://registry.npmjs.org/cookie-session
61 silly lockFile 87e1b5ba-cookie-session cookie-session@*
62 silly lockFile 87e1b5ba-cookie-session cookie-session@*
63 error network connect ETIMEDOUT
63 error network This is most likely not a problem with npm itself
63 error network and is related to network connectivity.
63 error network In most cases you are behind a proxy or have bad network settings.
63 error network
63 error network If you are behind a proxy, please make sure that the
63 error network 'proxy' config is set properly.  See: 'npm help config'
64 error System Windows_NT 6.1.7601
65 error command "D:\\Program Files (x86)\\nodejs\\\\node.exe" "D:\\Program Files (x86)\\nodejs\\node_modules\\npm\\bin\\npm-cli.js" "install"
66 error cwd G:\Program Files (x86)\GetHub\BJTU-nodejs-project
67 error node -v v0.10.21
68 error npm -v 1.3.11
69 error syscall connect
70 error code ETIMEDOUT
71 error errno ETIMEDOUT
72 verbose exit [ 1, true ]
